<?xml version="1.0" encoding="UTF-8"?>
<robot generator="Robot 3.1.2 (Python 3.7.3 on win32)" generated="20191022 09:05:24.803" rpa="false">
<suite id="s1" name="Rf Demo" source="C:\Users\Joshua\Josh\AppiumLibrary\demo\rf_demo.robot">
<test id="s1-t1" name="Test Library Create Session">
<kw name="Sleep" library="BuiltIn" type="setup">
<doc>Pauses the test executed for the given time.</doc>
<arguments>
<arg>3s</arg>
</arguments>
<msg timestamp="20191022 09:05:27.969" level="INFO">Slept 3 seconds</msg>
<status status="PASS" starttime="20191022 09:05:24.968" endtime="20191022 09:05:27.969"></status>
</kw>
<kw name="Open Hybrid Application">
<arguments>
<arg>http://localhost:4723/wd/hub</arg>
<arg>deviceName=XiaomiMi6</arg>
<arg>udid=3a32a5ce7d2b</arg>
<arg>platformName=Android</arg>
<arg>browserName=Chrome</arg>
<arg>autoGrantPermissions=true</arg>
</arguments>
<msg timestamp="20191022 09:05:27.979" level="FAIL">No keyword with name 'Open Hybrid Application' found.</msg>
<status status="FAIL" starttime="20191022 09:05:27.979" endtime="20191022 09:05:27.979"></status>
</kw>
<status status="FAIL" starttime="20191022 09:05:24.967" endtime="20191022 09:05:28.004" critical="yes">No keyword with name 'Open Hybrid Application' found.</status>
</test>
<test id="s1-t2" name="Test Library Get Context">
<kw name="Sleep" library="BuiltIn" type="setup">
<doc>Pauses the test executed for the given time.</doc>
<arguments>
<arg>3s</arg>
</arguments>
<msg timestamp="20191022 09:05:31.012" level="INFO">Slept 3 seconds</msg>
<status status="PASS" starttime="20191022 09:05:28.010" endtime="20191022 09:05:31.012"></status>
</kw>
<kw name="Sleep" library="BuiltIn">
<doc>Pauses the test executed for the given time.</doc>
<arguments>
<arg>5s</arg>
</arguments>
<msg timestamp="20191022 09:05:36.015" level="INFO">Slept 5 seconds</msg>
<status status="PASS" starttime="20191022 09:05:31.013" endtime="20191022 09:05:36.015"></status>
</kw>
<kw name="Get Current Context">
<assign>
<var>${context}</var>
</assign>
<msg timestamp="20191022 09:05:36.020" level="FAIL">No keyword with name 'Get Current Context' found.</msg>
<status status="FAIL" starttime="20191022 09:05:36.019" endtime="20191022 09:05:36.020"></status>
</kw>
<status status="FAIL" starttime="20191022 09:05:28.009" endtime="20191022 09:05:36.020" critical="yes">No keyword with name 'Get Current Context' found.</status>
</test>
<test id="s1-t3" name="Test Library Get All Context">
<kw name="Sleep" library="BuiltIn" type="setup">
<doc>Pauses the test executed for the given time.</doc>
<arguments>
<arg>3s</arg>
</arguments>
<msg timestamp="20191022 09:05:39.025" level="INFO">Slept 3 seconds</msg>
<status status="PASS" starttime="20191022 09:05:36.023" endtime="20191022 09:05:39.025"></status>
</kw>
<kw name="Sleep" library="BuiltIn">
<doc>Pauses the test executed for the given time.</doc>
<arguments>
<arg>5s</arg>
</arguments>
<msg timestamp="20191022 09:05:44.026" level="INFO">Slept 5 seconds</msg>
<status status="PASS" starttime="20191022 09:05:39.026" endtime="20191022 09:05:44.026"></status>
</kw>
<kw name="Get All Contexts">
<assign>
<var>${contexts}</var>
</assign>
<msg timestamp="20191022 09:05:44.028" level="FAIL">No keyword with name 'Get All Contexts' found.</msg>
<status status="FAIL" starttime="20191022 09:05:44.028" endtime="20191022 09:05:44.028"></status>
</kw>
<status status="FAIL" starttime="20191022 09:05:36.022" endtime="20191022 09:05:44.029" critical="yes">No keyword with name 'Get All Contexts' found.</status>
</test>
<test id="s1-t4" name="Test Library Set Context to Webview">
<kw name="Sleep" library="BuiltIn" type="setup">
<doc>Pauses the test executed for the given time.</doc>
<arguments>
<arg>3s</arg>
</arguments>
<msg timestamp="20191022 09:05:47.041" level="INFO">Slept 3 seconds</msg>
<status status="PASS" starttime="20191022 09:05:44.040" endtime="20191022 09:05:47.041"></status>
</kw>
<kw name="Get Current Context">
<assign>
<var>${context}</var>
</assign>
<msg timestamp="20191022 09:05:47.048" level="FAIL">No keyword with name 'Get Current Context' found.</msg>
<status status="FAIL" starttime="20191022 09:05:47.048" endtime="20191022 09:05:47.048"></status>
</kw>
<status status="FAIL" starttime="20191022 09:05:44.039" endtime="20191022 09:05:47.049" critical="yes">No keyword with name 'Get Current Context' found.</status>
</test>
<status status="FAIL" starttime="20191022 09:05:24.804" endtime="20191022 09:05:47.068"></status>
</suite>
<statistics>
<total>
<stat pass="0" fail="4">Critical Tests</stat>
<stat pass="0" fail="4">All Tests</stat>
</total>
<tag>
</tag>
<suite>
<stat pass="0" fail="4" id="s1" name="Rf Demo">Rf Demo</stat>
</suite>
</statistics>
<errors>
<msg timestamp="20191022 09:05:24.948" level="ERROR">Error in file 'C:\Users\Joshua\Josh\AppiumLibrary\demo\rf_demo.robot': Initializing test library 'HybridLibrary' with no arguments failed: TypeError: Libraries must be modules or instances, got class 'SessionKeywords' instead.
Traceback (most recent call last):
  File "C:\Users\Joshua\Josh\AppiumLibrary\dev\lib\site-packages\robotframework_hybridlibrary-0.1.dev0-py3.7.egg\HybridLibrary\__init__.py", line 42, in __init__
    HybridCore.__init__(self,libraries)
  File "C:\Users\Joshua\Josh\AppiumLibrary\dev\lib\site-packages\robotlibcore\__init__.py", line 48, in __init__
    self.add_library_components(library_components)
  File "C:\Users\Joshua\Josh\AppiumLibrary\dev\lib\site-packages\robotlibcore\__init__.py", line 53, in add_library_components
    for name, func in self._get_members(component):
  File "C:\Users\Joshua\Josh\AppiumLibrary\dev\lib\site-packages\robotlibcore\__init__.py", line 67, in _get_members
    'class {!r} instead.'.format(component.__name__))</msg>
</errors>
</robot>
